A D/man4.amiga////
A D/man4.arc////
A D/man4.arm32////
A D/man4.atari////
A D/man4.aviion////
A D/man4.beagle////
A D/man4.cats////
A D/man4.hp300////
A D/man4.hppa64////
A D/man4.mac68k////
A D/man4.mvme68k////
A D/man4.mvme88k////
A D/man4.palm////
A D/man4.pc532////
A D/man4.pegasos////
A D/man4.pmax////
A D/man4.powerpc////
A D/man4.sun3////
A D/man4.tahoe////
A D/man4.vax////
R D/man4.vax////
R D/man4.tahoe////
R D/man4.sun3////
R D/man4.powerpc////
R D/man4.pmax////
R D/man4.pegasos////
R D/man4.pc532////
R D/man4.palm////
R D/man4.mvme88k////
R D/man4.mvme68k////
R D/man4.mac68k////
R D/man4.hppa64////
R D/man4.hp300////
R D/man4.cats////
R D/man4.beagle////
R D/man4.aviion////
R D/man4.atari////
R D/man4.arm32////
R D/man4.arc////
R D/man4.amiga////
