A D/Archive-Extract////
A D/B-Lint////
A D/CPANPLUS////
A D/CPANPLUS-Dist-Build////
A D/Class-ISA////
A D/Cwd////
A D/ExtUtils-CBuilder////
A D/ExtUtils-Command////
A D/ExtUtils-Manifest////
A D/ExtUtils-ParseXS////
A D/File-CheckTree////
A D/List-Util////
A D/Log-Message////
A D/Log-Message-Simple////
A D/Math-BigInt////
A D/Math-BigInt-FastCalc////
A D/Math-BigRat////
A D/Module-Pluggable////
A D/Object-Accessor////
A D/Pod-LaTeX////
A D/Shell////
A D/Term-UI////
A D/Text-Soundex////
A D/Tie-File////
A D/Version-Requirements////
A D/bignum////
A D/if////
R D/if////
R D/bignum////
R D/Version-Requirements////
R D/Tie-File////
R D/Text-Soundex////
R D/Term-UI////
R D/Shell////
R D/Pod-LaTeX////
R D/Object-Accessor////
R D/Module-Pluggable////
R D/Math-BigRat////
R D/Math-BigInt-FastCalc////
R D/Math-BigInt////
R D/Log-Message-Simple////
R D/Log-Message////
R D/List-Util////
R D/File-CheckTree////
R D/ExtUtils-ParseXS////
R D/ExtUtils-Manifest////
R D/ExtUtils-Command////
R D/ExtUtils-CBuilder////
R D/Cwd////
R D/Class-ISA////
R D/CPANPLUS-Dist-Build////
R D/CPANPLUS////
R D/B-Lint////
R D/Archive-Extract////
