A D/atrun////
A D/auxcpp////
A D/ftp-proxy////
A D/getNAME////
A D/identd////
A D/lfs_cleanerd////
A D/login_kerberos////
A D/login_krb-or-pwd////
A D/login_krb4////
A D/login_krb4-or-pwd////
A D/login_krb5////
A D/login_krb5-or-pwd////
A D/login_tis////
A D/makekey////
A D/popa3d////
A D/rexecd////
A D/rlogind////
A D/rpc.lockd////
A D/rpc.sprayd////
A D/rpc.yppasswdd////
A D/rshd////
A D/smtpd////
A D/tcpd////
A D/telnetd////
A D/tftp-proxy////
A D/tftpd////
A D/uucpd////
R D/uucpd////
R D/tftpd////
R D/tftp-proxy////
R D/telnetd////
R D/tcpd////
R D/smtpd////
R D/rshd////
R D/rpc.yppasswdd////
R D/rpc.sprayd////
R D/rpc.lockd////
R D/rlogind////
R D/rexecd////
R D/popa3d////
R D/makekey////
R D/login_tis////
R D/login_krb5-or-pwd////
R D/login_krb5////
R D/login_krb4-or-pwd////
R D/login_krb4////
R D/login_krb-or-pwd////
R D/login_kerberos////
R D/lfs_cleanerd////
R D/identd////
R D/getNAME////
R D/ftp-proxy////
R D/auxcpp////
R D/atrun////
