A D/AHex////
A D/GrExt////
A D/IDSB////
A D/IDST////
A D/JoinC////
A D/OAlpha////
A D/ODI////
A D/OGrExt////
A D/OIDC////
A D/OIDS////
A D/OLower////
A D/OMath////
A D/OUpper////
A D/Radical////
A D/VS////
A D/bc////
A D/ccc////
A D/dt////
A D/ea////
A D/gc_sc////
A D/hst////
A D/jt////
A D/lb////
A D/nt////
R D/nt////
R D/lb////
R D/jt////
R D/hst////
R D/gc_sc////
R D/ea////
R D/dt////
R D/ccc////
R D/bc////
R D/VS////
R D/Radical////
R D/OUpper////
R D/OMath////
R D/OLower////
R D/OIDS////
R D/OIDC////
R D/OGrExt////
R D/ODI////
R D/OAlpha////
R D/JoinC////
R D/IDST////
R D/IDSB////
R D/GrExt////
R D/AHex////
