A D/apropos////
A D/ar////
A D/asa////
A D/asn1_compile////
A D/bdes////
A D/checknr////
A D/chflags////
A D/cksum////
A D/colcrt////
A D/compile_et////
A D/elf2aout////
A D/elf2ecoff////
A D/elf2olf////
A D/error////
A D/fdeject////
A D/file2c////
A D/fpr////
A D/fsplit////
A D/gcore////
A D/gzsig////
A D/info_mkdb////
A D/keynote-keygen////
A D/keynote-sign////
A D/keynote-sigver////
A D/keynote-verify////
A D/learn////
A D/machine////
A D/man////
A D/mk_cmds////
A D/mkfifo////
A D/mkstr////
A D/modstat////
A D/more////
A D/msgs////
A D/oldrdist////
A D/pcc////
A D/pctrctl////
A D/pmdb////
A D/pnpinfo////
A D/ranlib////
A D/rlogin////
A D/rsh////
A D/ruptime////
A D/rwho////
A D/sectok////
A D/size////
A D/soelim////
A D/strings////
A D/strip////
A D/sudo////
A D/sup////
A D/tcfs////
A D/tcopy////
A D/tip////
A D/tn3270////
A D/tunerctl////
A D/vgrind////
A D/vim////
A D/whatis////
A D/whereis////
A D/window////
A D/xlint////
A D/xstr////
R D/xstr////
R D/xlint////
R D/window////
R D/whereis////
R D/whatis////
R D/vim////
R D/vgrind////
R D/tunerctl////
R D/tn3270////
R D/tip////
R D/tcopy////
R D/tcfs////
R D/sup////
R D/sudo////
R D/strip////
R D/strings////
R D/soelim////
R D/size////
R D/sectok////
R D/rwho////
R D/ruptime////
R D/rsh////
R D/rlogin////
R D/ranlib////
R D/pnpinfo////
R D/pmdb////
R D/pctrctl////
R D/pcc////
R D/oldrdist////
R D/msgs////
R D/more////
R D/modstat////
R D/mkstr////
R D/mkfifo////
R D/mk_cmds////
R D/man////
R D/machine////
R D/learn////
R D/keynote-verify////
R D/keynote-sigver////
R D/keynote-sign////
R D/keynote-keygen////
R D/info_mkdb////
R D/gzsig////
R D/gcore////
R D/fsplit////
R D/fpr////
R D/file2c////
R D/fdeject////
R D/error////
R D/elf2olf////
R D/elf2ecoff////
R D/elf2aout////
R D/compile_et////
R D/colcrt////
R D/cksum////
R D/chflags////
R D/checknr////
R D/bdes////
R D/asn1_compile////
R D/asa////
R D/ar////
R D/apropos////
