A D/amiga////
A D/arc////
A D/arm32////
A D/atari////
A D/aviion////
A D/beagle////
A D/cats////
A D/gumstix////
A D/hp300////
A D/hppa64////
A D/ia64////
A D/kbus////
A D/m68k////
A D/mac68k////
A D/mips////
A D/moko////
A D/mvme68k////
A D/mvme88k////
A D/mvmeppc////
A D/palm////
A D/pc532////
A D/pegasos////
A D/pica////
A D/pmax////
A D/solbourne////
A D/sun3////
A D/vax////
A D/wgrisc////
R D/wgrisc////
R D/vax////
R D/sun3////
R D/solbourne////
R D/pmax////
R D/pica////
R D/pegasos////
R D/pc532////
R D/palm////
R D/mvmeppc////
R D/mvme88k////
R D/mvme68k////
R D/moko////
R D/mips////
R D/mac68k////
R D/m68k////
R D/kbus////
R D/ia64////
R D/hppa64////
R D/hp300////
R D/gumstix////
R D/cats////
R D/beagle////
R D/aviion////
R D/atari////
R D/arm32////
R D/arc////
R D/amiga////
