A D/man8.amiga////
A D/man8.arm32////
A D/man8.atari////
A D/man8.aviion////
A D/man8.beagle////
A D/man8.cats////
A D/man8.hp300////
A D/man8.hppa64////
A D/man8.mac68k////
A D/man8.mvme68k////
A D/man8.mvme88k////
A D/man8.palm////
A D/man8.pegasos////
A D/man8.pmax////
A D/man8.powerpc////
A D/man8.sun3////
A D/man8.tahoe////
A D/man8.vax////
R D/man8.vax////
R D/man8.tahoe////
R D/man8.sun3////
R D/man8.powerpc////
R D/man8.pmax////
R D/man8.pegasos////
R D/man8.palm////
R D/man8.mvme88k////
R D/man8.mvme68k////
R D/man8.mac68k////
R D/man8.hppa64////
R D/man8.hp300////
R D/man8.cats////
R D/man8.beagle////
R D/man8.aviion////
R D/man8.atari////
R D/man8.arm32////
R D/man8.amiga////
