A D/MacOS////
A D/Netware////
A D/VMS////
A D/bugs////
A D/certs////
A D/demos////
A D/dep////
A D/engines////
A D/fips////
A D/fips-1.0////
A D/ms////
A D/mt////
A D/os2////
A D/out////
A D/perl////
A D/rsaref////
A D/sf////
A D/shlib////
A D/times////
A D/tmp////
A D/tools////
R D/tools////
R D/tmp////
R D/times////
R D/shlib////
R D/sf////
R D/rsaref////
R D/perl////
R D/out////
R D/os2////
R D/mt////
R D/ms////
R D/fips-1.0////
R D/fips////
R D/engines////
R D/dep////
R D/demos////
R D/certs////
R D/bugs////
R D/VMS////
R D/Netware////
R D/MacOS////
