A D/Attribute-Handlers////
A D/ByteLoader////
A D/Compress////
A D/Compress-Raw-Bzip2////
A D/Compress-Raw-Zlib////
A D/Cwd////
A D/DB_File////
A D/Data////
A D/Data-Dumper////
A D/Devel////
A D/Devel-DProf////
A D/Devel-PPPort////
A D/Devel-SelfStubber////
A D/Digest////
A D/Digest-MD5////
A D/Digest-SHA////
A D/Encode////
A D/File////
A D/FileHandle////
A D/Filter////
A D/Filter-Util-Call////
A D/Hash////
A D/I18N////
A D/IO////
A D/IO-Compress////
A D/IO_Compress_Base////
A D/IO_Compress_Zlib////
A D/IPC////
A D/IPC-Open2////
A D/IPC-SysV////
A D/List////
A D/List-Util////
A D/MIME////
A D/MIME-Base64////
A D/Math////
A D/Math-BigInt-FastCalc////
A D/Module-Pluggable////
A D/PerlIO////
A D/Safe////
A D/Socket////
A D/Storable////
A D/Sys////
A D/Sys-Syslog////
A D/Test-Harness////
A D/Text////
A D/Text-Soundex////
A D/Thread////
A D/Time////
A D/Time-HiRes////
A D/Time-Local////
A D/Time-Piece////
A D/Unicode////
A D/Unicode-Normalize////
A D/Win32////
A D/Win32API////
A D/Win32API-File////
A D/XS////
A D/XS-APItest-KeywordRPN////
A D/attrs////
A D/autouse////
A D/threads////
A D/threads-shared////
A D/util////
R D/util////
R D/threads-shared////
R D/threads////
R D/autouse////
R D/attrs////
R D/XS-APItest-KeywordRPN////
R D/XS////
R D/Win32API-File////
R D/Win32API////
R D/Win32////
R D/Unicode-Normalize////
R D/Unicode////
R D/Time-Piece////
R D/Time-Local////
R D/Time-HiRes////
R D/Time////
R D/Thread////
R D/Text-Soundex////
R D/Text////
R D/Test-Harness////
R D/Sys-Syslog////
R D/Sys////
R D/Storable////
R D/Socket////
R D/Safe////
R D/PerlIO////
R D/Module-Pluggable////
R D/Math-BigInt-FastCalc////
R D/Math////
R D/MIME-Base64////
R D/MIME////
R D/List-Util////
R D/List////
R D/IPC-SysV////
R D/IPC-Open2////
R D/IPC////
R D/IO_Compress_Zlib////
R D/IO_Compress_Base////
R D/IO-Compress////
R D/IO////
R D/I18N////
R D/Hash////
R D/Filter-Util-Call////
R D/Filter////
R D/FileHandle////
R D/File////
R D/Encode////
R D/Digest-SHA////
R D/Digest-MD5////
R D/Digest////
R D/Devel-SelfStubber////
R D/Devel-PPPort////
R D/Devel-DProf////
R D/Devel////
R D/Data-Dumper////
R D/Data////
R D/DB_File////
R D/Cwd////
R D/Compress-Raw-Zlib////
R D/Compress-Raw-Bzip2////
R D/Compress////
R D/ByteLoader////
R D/Attribute-Handlers////
