A D/amiga////
A D/arc////
A D/arm32////
A D/atari////
A D/aviion////
A D/beagle////
A D/cats////
A D/crunch////
A D/hp300////
A D/mac68k////
A D/mvme68k////
A D/mvme88k////
A D/mvmeppc////
A D/palm////
A D/pc532////
A D/pegasos////
A D/pmax////
A D/powerpc////
A D/simpleroot////
A D/sun3////
A D/utils////
A D/vax////
R D/vax////
R D/utils////
R D/sun3////
R D/simpleroot////
R D/powerpc////
R D/pmax////
R D/pegasos////
R D/pc532////
R D/palm////
R D/mvmeppc////
R D/mvme88k////
R D/mvme68k////
R D/mac68k////
R D/hp300////
R D/crunch////
R D/cats////
R D/beagle////
R D/aviion////
R D/atari////
R D/arm32////
R D/arc////
R D/amiga////
