A D/Archive////
A D/Attribute////
A D/AutoLoader////
A D/Bundle////
A D/CGI////
A D/CPAN////
A D/CPANPLUS////
A D/Carp////
A D/Devel////
A D/Digest////
A D/Env////
A D/Exporter////
A D/FileCache////
A D/Filter////
A D/Hash////
A D/I18N////
A D/IO////
A D/IPC////
A D/Locale////
A D/Log////
A D/Math////
A D/Memoize////
A D/Module////
A D/NEXT////
A D/Object////
A D/Package////
A D/Params////
A D/Parse////
A D/PerlIO////
A D/Search////
A D/SelfLoader////
A D/Switch////
A D/Sys////
A D/Term////
A D/Test////
A D/Text////
A D/Thread////
A D/autodie////
A D/base////
A D/bignum////
A D/encoding////
A D/parent////
A D/unicode////
A D/version////
R D/version////
R D/unicode////
R D/parent////
R D/encoding////
R D/bignum////
R D/base////
R D/autodie////
R D/Thread////
R D/Text////
R D/Test////
R D/Term////
R D/Sys////
R D/Switch////
R D/SelfLoader////
R D/Search////
R D/PerlIO////
R D/Parse////
R D/Params////
R D/Package////
R D/Object////
R D/NEXT////
R D/Module////
R D/Memoize////
R D/Math////
R D/Log////
R D/Locale////
R D/IPC////
R D/IO////
R D/I18N////
R D/Hash////
R D/Filter////
R D/FileCache////
R D/Exporter////
R D/Env////
R D/Digest////
R D/Devel////
R D/Carp////
R D/CPANPLUS////
R D/CPAN////
R D/CGI////
R D/Bundle////
R D/AutoLoader////
R D/Attribute////
R D/Archive////
