A D/bc////
A D/cpio////
A D/dc////
A D/deroff////
A D/diff////
A D/diff3////
A D/gas////
A D/gawk////
A D/gcc2////
A D/gdb////
A D/grep////
A D/groff////
A D/gzip////
A D/ld////
A D/lynx////
A D/rcs////
A D/sdiff////
A D/send-pr////
A D/sendbug////
A D/sort////
A D/sudo////
A D/tar////
R D/tar////
R D/sudo////
R D/sort////
R D/sendbug////
R D/send-pr////
R D/sdiff////
R D/rcs////
R D/lynx////
R D/ld////
R D/gzip////
R D/groff////
R D/grep////
R D/gdb////
R D/gcc2////
R D/gawk////
R D/gas////
R D/diff3////
R D/diff////
R D/deroff////
R D/dc////
R D/cpio////
R D/bc////
