A D/alpha////
A D/amd64////
A D/armish////
A D/armv7////
A D/aviion////
A D/hp300////
A D/hppa////
A D/hppa64////
A D/i386////
A D/landisk////
A D/loongson////
A D/luna88k////
A D/macppc////
A D/mvme68k////
A D/mvme88k////
A D/octeon////
A D/sgi////
A D/socppc////
A D/sparc////
A D/sparc64////
A D/vax////
A D/zaurus////
R D/zaurus////
R D/vax////
R D/sparc64////
R D/sparc////
R D/socppc////
R D/sgi////
R D/octeon////
R D/mvme88k////
R D/mvme68k////
R D/macppc////
R D/luna88k////
R D/loongson////
R D/landisk////
R D/i386////
R D/hppa64////
R D/hppa////
R D/hp300////
R D/aviion////
R D/armv7////
R D/armish////
R D/amd64////
R D/alpha////
